This is LuaHBTeX, Version 1.22.0 (MiKTeX 25.4) (format=lualatex 2025.11.18)  23 MAR 2026 18:42
 restricted system commands enabled.
**"c:/Users/DARÍO CARVALHO/OneDrive/Estudos Dário/Revisão_Elastômeros_Vale/
0.main"

("c:/Users/DARÍO CARVALHO/OneDrive/Estudos Dário/Revisão_Elastômeros_Vale/0
.main.tex"
LaTeX2e <2025-11-01>
L3 programming layer <2025-10-24>
Lua module: luaotfload 2024-12-03 v3.29 Lua based OpenType font support
Lua module: lualibs 2023-07-13 v2.76 ConTeXt Lua standard libraries.
Lua module: lualibs-extended 2023-07-13 v2.76 ConTeXt Lua libraries -- extended 
collection.
luaotfload | conf : Root cache directory is "C:/Users/DARÍO CARVALHO/AppData/Lo
cal/MiKTeX/luatex-cache/generic/names".
luaotfload | init : Loading fontloader "fontloader-2023-12-28.lua" from kpse-res
olved path "C:/Program Files/MiKTeX/tex/luatex/luaotfload/fontloader-2023-12-28.
lua".
Lua-only attribute luaotfload@noligature = 1
luaotfload | init : Context OpenType loader version 3.134
Inserting `luaotfload.node_processor' in `pre_linebreak_filter'.
Inserting `luaotfload.node_processor' in `hpack_filter'.
Inserting `luaotfload.glyph_stream' in `glyph_stream_provider'.
Inserting `luaotfload.define_font' in `define_font'.
Lua-only attribute luaotfload_color_attribute = 2
luaotfload | conf : Root cache directory is "C:/Users/DARÍO CARVALHO/AppData/Lo
cal/MiKTeX/luatex-cache/generic/names".
Inserting `luaotfload.harf.strip_prefix' in `find_opentype_file'.
Inserting `luaotfload.harf.strip_prefix' in `find_truetype_file'.
Removing  `luaotfload.glyph_stream' from `glyph_stream_provider'.
Inserting `luaotfload.harf.glyphstream' in `glyph_stream_provider'.
Inserting `luaotfload.harf.finalize_vlist' in `post_linebreak_filter'.
Inserting `luaotfload.harf.finalize_hlist' in `hpack_filter'.
Inserting `luaotfload.cleanup_files' in `wrapup_run'.
Inserting `luaotfload.harf.finalize_unicode' in `finish_pdffile'.
Inserting `luaotfload.glyphinfo' in `glyph_info'.
Lua-only attribute luaotfload.letterspace_done = 3
Inserting `luaotfload.aux.set_sscale_dimens' in `luaotfload.patch_font'.
Inserting `luaotfload.aux.set_font_index' in `luaotfload.patch_font'.
Inserting `luaotfload.aux.patch_cambria_domh' in `luaotfload.patch_font'.
Inserting `luaotfload.aux.fixup_fontdata' in `luaotfload.patch_font_unsafe'.
Inserting `luaotfload.aux.set_capheight' in `luaotfload.patch_font'.
Inserting `luaotfload.aux.set_xheight' in `luaotfload.patch_font'.
Inserting `luaotfload.rewrite_fontname' in `luaotfload.patch_font'.
Inserting `tracingstacklevels' in `input_level_string'. ("C:/Program Files/MiKT
eX/tex/latex/base/article.cls"
Document Class: article 2025/01/22 v1.4n Standard LaTeX document class
("C:/Program Files/MiKTeX/tex/latex/base/size12.clo"
File: size12.clo 2025/01/22 v1.4n Standard LaTeX file (size option)
luaotfload | db : Font names database loaded from C:/Users/DARÍO CARVALHO/AppDa
ta/Local/MiKTeX/luatex-cache/generic/names/luaotfload-names.luc.gz)
\c@part=\count273
\c@section=\count274
\c@subsection=\count275
\c@subsubsection=\count276
\c@paragraph=\count277
\c@subparagraph=\count278
\c@figure=\count279
\c@table=\count280
\abovecaptionskip=\skip49
\belowcaptionskip=\skip50
\bibindent=\dimen147
)
("C:/Program Files/MiKTeX/tex/latex/base/inputenc.sty"
Package: inputenc 2024/02/08 v1.3d Input encoding file
\inpenc@prehook=\toks17
\inpenc@posthook=\toks18


Package inputenc Warning: inputenc package ignored with utf8 based engines.

) ("C:/Program Files/MiKTeX/tex/latex/base/fontenc.sty"
Package: fontenc 2025/07/18 v2.1d Standard LaTeX package
LaTeX Font Info:    Trying to load font information for T1+lmr on input line 11
6.

("C:/Program Files/MiKTeX/tex/latex/lm/t1lmr.fd"
File: t1lmr.fd 2015/05/01 v1.6.1 Font defs for Latin Modern
))
("C:/Users/DARÍO CARVALHO/AppData/Roaming/MiKTeX/tex/latex/geometry/geometry.s
ty"
Package: geometry 2020/01/02 v5.9 Page Geometry
 ("C:/Program Files/MiKTeX/tex/latex/graphics/keyval.sty"
Package: keyval 2022/05/29 v1.15 key=value parser (DPC)
\KV@toks@=\toks19
)
("C:/Program Files/MiKTeX/tex/generic/iftex/ifvtex.sty"
Package: ifvtex 2019/10/25 v1.7 ifvtex legacy package. Use iftex instead.

("C:/Program Files/MiKTeX/tex/generic/iftex/iftex.sty"
Package: iftex 2024/12/12 v1.0g TeX engine tests
))
\Gm@cnth=\count281
\Gm@cntv=\count282
\c@Gm@tempcnt=\count283
\Gm@bindingoffset=\dimen148
\Gm@wd@mp=\dimen149
\Gm@odd@mp=\dimen150
\Gm@even@mp=\dimen151
\Gm@layoutwidth=\dimen152
\Gm@layoutheight=\dimen153
\Gm@layouthoffset=\dimen154
\Gm@layoutvoffset=\dimen155
\Gm@dimlist=\toks20

("C:/Users/DARÍO CARVALHO/AppData/Roaming/MiKTeX/tex/latex/geometry/geometry.c
fg")) ("C:/Program Files/MiKTeX/tex/latex/setspace/setspace.sty"
Package: setspace 2022/12/04 v6.7b set line spacing
)
("C:/Program Files/MiKTeX/tex/latex/graphics/graphicx.sty"
Package: graphicx 2024/12/31 v1.2e Enhanced LaTeX Graphics (DPC,SPQR)

("C:/Program Files/MiKTeX/tex/latex/graphics/graphics.sty"
Package: graphics 2024/08/06 v1.4g Standard LaTeX Graphics (DPC,SPQR)

("C:/Program Files/MiKTeX/tex/latex/graphics/trig.sty"
Package: trig 2023/12/02 v1.11 sin cos tan (DPC)
)
("C:/Program Files/MiKTeX/tex/latex/graphics-cfg/graphics.cfg"
File: graphics.cfg 2016/06/04 v1.11 sample graphics configuration
)
Package graphics Info: Driver file: luatex.def on input line 106.

("C:/Program Files/MiKTeX/tex/latex/graphics-def/luatex.def"
File: luatex.def 2025/09/29 v1.2f Graphics/color driver for luatex
))
\Gin@req@height=\dimen156
\Gin@req@width=\dimen157
)
("C:/Program Files/MiKTeX/tex/latex/amsmath/amsmath.sty"
Package: amsmath 2025/07/09 v2.17z AMS math features
\@mathmargin=\skip51

For additional information on amsmath, use the `?' option.
("C:/Program Files/MiKTeX/tex/latex/amsmath/amstext.sty"
Package: amstext 2024/11/17 v2.01 AMS text

("C:/Program Files/MiKTeX/tex/latex/amsmath/amsgen.sty"
File: amsgen.sty 1999/11/30 v2.0 generic functions
\@emptytoks=\toks21
\ex@=\dimen158
))
("C:/Program Files/MiKTeX/tex/latex/amsmath/amsbsy.sty"
Package: amsbsy 1999/11/29 v1.2d Bold Symbols
\pmbraise@=\dimen159
)
("C:/Program Files/MiKTeX/tex/latex/amsmath/amsopn.sty"
Package: amsopn 2022/04/08 v2.04 operator names
)
\inf@bad=\count284
LaTeX Info: Redefining \frac on input line 235.
\uproot@=\count285
\leftroot@=\count286
LaTeX Info: Redefining \overline on input line 398.
LaTeX Info: Redefining \colon on input line 409.
\classnum@=\count287
\DOTSCASE@=\count288
LaTeX Info: Redefining \ldots on input line 495.
LaTeX Info: Redefining \dots on input line 498.
LaTeX Info: Redefining \cdots on input line 619.
\Mathstrutbox@=\box53
\strutbox@=\box54
LaTeX Info: Redefining \big on input line 721.
LaTeX Info: Redefining \Big on input line 722.
LaTeX Info: Redefining \bigg on input line 723.
LaTeX Info: Redefining \Bigg on input line 724.
\big@size=\dimen160
LaTeX Font Info:    Redeclaring font encoding OML on input line 742.
LaTeX Font Info:    Redeclaring font encoding OMS on input line 743.
\macc@depth=\count289
LaTeX Info: Redefining \bmod on input line 904.
LaTeX Info: Redefining \pmod on input line 909.
LaTeX Info: Redefining \smash on input line 939.
LaTeX Info: Redefining \relbar on input line 969.
LaTeX Info: Redefining \Relbar on input line 970.
\c@MaxMatrixCols=\count290
\dotsspace@=\muskip17
\c@parentequation=\count291
\dspbrk@lvl=\count292
\tag@help=\toks22
\row@=\count293
\column@=\count294
\maxfields@=\count295
\andhelp@=\toks23
\eqnshift@=\dimen161
\alignsep@=\dimen162
\tagshift@=\dimen163
\tagwidth@=\dimen164
\totwidth@=\dimen165
\lineht@=\dimen166
\@envbody=\toks24
\multlinegap=\skip52
\multlinetaggap=\skip53
\mathdisplay@stack=\toks25
LaTeX Info: Redefining \[ on input line 2950.
LaTeX Info: Redefining \] on input line 2951.
)
("C:/Program Files/MiKTeX/tex/latex/amsfonts/amssymb.sty"
Package: amssymb 2013/01/14 v3.01 AMS font symbols

("C:/Program Files/MiKTeX/tex/latex/amsfonts/amsfonts.sty"
Package: amsfonts 2013/01/14 v3.01 Basic AMSFonts support
\symAMSa=\mathgroup4
\symAMSb=\mathgroup5
LaTeX Font Info:    Redeclaring math symbol \hbar on input line 98.
LaTeX Font Info:    Overwriting math alphabet `\mathfrak' in version `bold'
(Font)                  U/euf/m/n --> U/euf/b/n on input line 106.
))
("C:/Program Files/MiKTeX/tex/latex/fontspec/fontspec.sty"
("C:/Program Files/MiKTeX/tex/latex/l3packages/xparse/xparse.sty"
("C:/Program Files/MiKTeX/tex/latex/l3kernel/expl3.sty"
Package: expl3 2025-10-24 L3 programming layer (loader) 

("C:/Program Files/MiKTeX/tex/latex/l3backend/l3backend-luatex.def"
File: l3backend-luatex.def 2025-10-09 L3 backend support: PDF output (LuaTeX)
\l__color_backend_stack_int=\count296
Inserting `l3color' in `luaotfload.parse_color'.))
Package: xparse 2025-10-09 L3 Experimental document command parser
)
Package: fontspec 2025/09/29 v2.9g Font selection for XeLaTeX and LuaLaTeX
Lua module: fontspec 2025/09/29 v2.9g Font selection for XeLaTeX and LuaLaTeX
("C:/Program Files/MiKTeX/tex/latex/fontspec/fontspec-luatex.sty"
Package: fontspec-luatex 2025/09/29 v2.9g Font selection for XeLaTeX and LuaLaT
eX
\l__fontspec_script_int=\count297
\l__fontspec_language_int=\count298
\l__fontspec_strnum_int=\count299
\l__fontspec_tmp_int=\count300
\l__fontspec_tmpa_int=\count301
\l__fontspec_tmpb_int=\count302
\l__fontspec_tmpc_int=\count303
\l__fontspec_em_int=\count304
\l__fontspec_emdef_int=\count305
\l__fontspec_strong_int=\count306
\l__fontspec_strongdef_int=\count307
\l__fontspec_tmpa_dim=\dimen167
\l__fontspec_tmpb_dim=\dimen168
\l__fontspec_tmpc_dim=\dimen169

("C:/Program Files/MiKTeX/tex/latex/base/fontenc.sty"
Package: fontenc 2025/07/18 v2.1d Standard LaTeX package
)
("C:/Program Files/MiKTeX/tex/latex/fontspec/fontspec.cfg")))
luaotfload | cache : Lookup cache loaded from C:/Users/DARÍO CARVALHO/AppData/L
ocal/MiKTeX/luatex-cache/generic/names/luaotfload-lookup-cache.luc.

Package fontspec Info: 
(fontspec)             Font family 'TimesNewRoman(0)' created for font 'Times
(fontspec)             New Roman' with options [Ligatures=TeX].
(fontspec)              
(fontspec)              This font family consists of the following NFSS
(fontspec)             series/shapes:
(fontspec)              
(fontspec)             - 'normal' (m/n) with NFSS spec.: <->"name:Times New
(fontspec)             Roman:mode=node;script=latn;language=dflt;+tlig;"
(fontspec)             - 'small caps'  (m/sc) with NFSS spec.: <->"name:Times
(fontspec)             New
(fontspec)             Roman:mode=node;script=latn;language=dflt;+tlig;+smcp;"
(fontspec)             - 'bold' (b/n) with NFSS spec.: <->"name:Times New
(fontspec)             Roman/B:mode=node;script=latn;language=dflt;+tlig;"
(fontspec)             - 'bold small caps'  (b/sc) with NFSS spec.:
(fontspec)             <->"name:Times New
(fontspec)             Roman/B:mode=node;script=latn;language=dflt;+tlig;+smcp;
"
(fontspec)             - 'italic' (m/it) with NFSS spec.: <->"name:Times New
(fontspec)             Roman/I:mode=node;script=latn;language=dflt;+tlig;"
(fontspec)             - 'italic small caps'  (m/scit) with NFSS spec.:
(fontspec)             <->"name:Times New
(fontspec)             Roman/I:mode=node;script=latn;language=dflt;+tlig;+smcp;
"
(fontspec)             - 'bold italic' (b/it) with NFSS spec.: <->"name:Times
(fontspec)             New
(fontspec)             Roman/BI:mode=node;script=latn;language=dflt;+tlig;"
(fontspec)             - 'bold italic small caps'  (b/scit) with NFSS spec.:
(fontspec)             <->"name:Times New
(fontspec)             Roman/BI:mode=node;script=latn;language=dflt;+tlig;+smcp
;"


("C:/Users/DARÍO CARVALHO/AppData/Roaming/MiKTeX/tex/latex/parskip/parskip.sty
"
Package: parskip 2021-03-14 v2.0h non-zero parskip adjustments
 ("C:/Program Files/MiKTeX/tex/latex/kvoptions/kvoptions.sty"
Package: kvoptions 2022-06-15 v3.15 Key value format for package options (HO)

("C:/Program Files/MiKTeX/tex/generic/ltxcmds/ltxcmds.sty"
Package: ltxcmds 2023-12-04 v1.26 LaTeX kernel commands for general use (HO)
)
("C:/Program Files/MiKTeX/tex/latex/kvsetkeys/kvsetkeys.sty"
Package: kvsetkeys 2022-10-05 v1.19 Key value parser (HO)
))
("C:/Program Files/MiKTeX/tex/latex/etoolbox/etoolbox.sty"
Package: etoolbox 2025/10/02 v2.5m e-TeX tools for LaTeX (JAW)
\etb@tempcnta=\count308
))
("C:/Users/DARÍO CARVALHO/AppData/Roaming/MiKTeX/tex/latex/microtype/microtype
.sty"
Package: microtype 2025/07/09 v3.2b Micro-typographical refinements (RS)
\MT@toks=\toks26
\MT@tempbox=\box55
\MT@count=\count309
LaTeX Info: Redefining \noprotrusionifhmode on input line 1087.
LaTeX Info: Redefining \leftprotrusion on input line 1088.
\MT@prot@toks=\toks27
LaTeX Info: Redefining \rightprotrusion on input line 1107.
LaTeX Info: Redefining \textls on input line 1449.
\MT@outer@kern=\dimen170
LaTeX Info: Redefining \microtypecontext on input line 2053.
LaTeX Info: Redefining \textmicrotypecontext on input line 2070.
\MT@listname@count=\count310

("C:/Users/DARÍO CARVALHO/AppData/Roaming/MiKTeX/tex/latex/microtype/microtype
-luatex.def"
File: microtype-luatex.def 2025/07/09 v3.2b Definitions specific to luatex (RS)

Lua module: microtype 2025/07/09 v3.2b microtype module.
Module microtype Info: overwriting function `keepligature' on input line 63
LaTeX Info: Redefining \lsstyle on input line 779.
LaTeX Info: Redefining \lslig on input line 779.
\MT@outer@space=\skip54
)
Package microtype Info: Loading configuration file microtype.cfg.

("C:/Users/DARÍO CARVALHO/AppData/Roaming/MiKTeX/tex/latex/microtype/microtype
.cfg"
File: microtype.cfg 2025/07/09 v3.2b microtype main configuration file (RS)
)
LaTeX Info: Redefining \microtypesetup on input line 3065.
)
("C:/Users/DARÍO CARVALHO/AppData/Roaming/MiKTeX/tex/latex/titlesec/titlesec.s
ty"
Package: titlesec 2025/01/04 v2.17 Sectioning titles
\ttl@box=\box56
\beforetitleunit=\skip55
\aftertitleunit=\skip56
\ttl@plus=\dimen171
\ttl@minus=\dimen172
\ttl@toksa=\toks28
\titlewidth=\dimen173
\titlewidthlast=\dimen174
\titlewidthfirst=\dimen175
)
("C:/Users/DARÍO CARVALHO/AppData/Roaming/MiKTeX/tex/latex/titlesec/titletoc.s
ty"
Package: titletoc 2025/01/04 v2.17 TOC entries
\ttl@leftsep=\dimen176
) ("C:/Program Files/MiKTeX/tex/latex/tools/verbatim.sty"
Package: verbatim 2024-01-22 v1.5x LaTeX2e package for verbatim enhancements
\every@verbatim=\toks29
\verbatim@line=\toks30
\verbatim@in@stream=\read2
)
("C:/Users/DARÍO CARVALHO/AppData/Roaming/MiKTeX/tex/latex/caption/subcaption.
sty"
Package: subcaption 2023/07/28 v1.6b Sub-captions (AR)

("C:/Users/DARÍO CARVALHO/AppData/Roaming/MiKTeX/tex/latex/caption/caption.sty
"
Package: caption 2023/08/05 v3.6o Customizing captions (AR)

("C:/Users/DARÍO CARVALHO/AppData/Roaming/MiKTeX/tex/latex/caption/caption3.st
y"
Package: caption3 2023/07/31 v2.4d caption3 kernel (AR)
\caption@tempdima=\dimen177
\captionmargin=\dimen178
\caption@leftmargin=\dimen179
\caption@rightmargin=\dimen180
\caption@width=\dimen181
\caption@indent=\dimen182
\caption@parindent=\dimen183
\caption@hangindent=\dimen184
Package caption Info: Standard document class detected.
)
\c@caption@flags=\count311
\c@continuedfloat=\count312
)
Package caption Info: New subtype `subfigure' on input line 238.
\c@subfigure=\count313
Package caption Info: New subtype `subtable' on input line 238.
\c@subtable=\count314
)
("C:/Users/DARÍO CARVALHO/AppData/Roaming/MiKTeX/tex/latex/float/float.sty"
Package: float 2001/11/08 v1.3d Float enhancements (AL)
\c@float@type=\count315
\float@exts=\toks31
\float@box=\box57
\@float@everytoks=\toks32
\@floatcapt=\box58
)
("C:/Program Files/MiKTeX/tex/latex/tools/multicol.sty"
Package: multicol 2025/10/21 v2.0b multicolumn formatting (FMi)
\c@tracingmulticols=\count316
\mult@box=\box59
\multicol@leftmargin=\dimen185
\c@unbalance=\count317
\c@collectmore=\count318
\doublecol@number=\count319
\multicoltolerance=\count320
\multicolpretolerance=\count321
\full@width=\dimen186
\page@free=\dimen187
\premulticols=\dimen188
\postmulticols=\dimen189
\multicolsep=\skip57
\multicolbaselineskip=\skip58
\partial@page=\box60
\last@line=\box61
\mc@boxedresult=\box62
\maxbalancingoverflow=\dimen190
\mult@rightbox=\box63
\mult@grightbox=\box64
\mult@firstbox=\box65
\mult@gfirstbox=\box66
\@tempa=\box67
\@tempa=\box68
\@tempa=\box69
\@tempa=\box70
\@tempa=\box71
\@tempa=\box72
\@tempa=\box73
\@tempa=\box74
\@tempa=\box75
\@tempa=\box76
\@tempa=\box77
\@tempa=\box78
\@tempa=\box79
\@tempa=\box80
\@tempa=\box81
\@tempa=\box82
\@tempa=\box83
\@tempa=\box84
\@tempa=\box85
\@tempa=\box86
\@tempa=\box87
\@tempa=\box88
\@tempa=\box89
\@tempa=\box90
\@tempa=\box91
\@tempa=\box92
\@tempa=\box93
\@tempa=\box94
\@tempa=\box95
\@tempa=\box96
\@tempa=\box97
\@tempa=\box98
\@tempa=\box99
\@tempa=\box100
\@tempa=\box101
\@tempa=\box102
\c@minrows=\count322
\c@columnbadness=\count323
\c@finalcolumnbadness=\count324
\last@try=\dimen191
\multicolovershoot=\dimen192
\multicolundershoot=\dimen193
\mult@nat@firstbox=\box103
\colbreak@box=\box104
\mc@col@check@num=\count325
\g__mc_curr_col_int=\count326
)
("C:/Users/DARÍO CARVALHO/AppData/Roaming/MiKTeX/tex/latex/multirow/multirow.s
ty"
Package: multirow 2024/11/12 v2.9 Span multiple rows of a table
\multirow@colwidth=\skip59
\multirow@cntb=\count327
\multirow@dima=\skip60
\bigstrutjot=\dimen194
) ("C:/Program Files/MiKTeX/tex/latex/tools/longtable.sty"
Package: longtable 2025-10-13 v4.24 Multi-page Table package (DPC)
\LTleft=\skip61
\LTright=\skip62
\LTpre=\skip63
\LTpost=\skip64
\LTchunksize=\count328
\LTcapwidth=\dimen195
\LT@head=\box105
\LT@firsthead=\box106
\LT@foot=\box107
\LT@lastfoot=\box108
\LT@gbox=\box109
\LT@cols=\count329
\LT@rows=\count330
\c@LT@tables=\count331
\c@LT@chunks=\count332
\LT@p@ftn=\toks33
)
("C:/Program Files/MiKTeX/tex/latex/biblatex/biblatex.sty"
Package: biblatex 2025/07/10 v3.21 programmable bibliographies (PK/MW)

("C:/Program Files/MiKTeX/tex/generic/pdftexcmds/pdftexcmds.sty"
Package: pdftexcmds 2020-06-27 v0.33 Utility functions of pdfTeX for LuaTeX (HO
)

("C:/Program Files/MiKTeX/tex/generic/infwarerr/infwarerr.sty"
Package: infwarerr 2019/12/03 v1.5 Providing info/warning/error messages (HO)
)
Package pdftexcmds Info: \pdf@primitive is available.
Package pdftexcmds Info: \pdf@ifprimitive is available.
Package pdftexcmds Info: \pdfdraftmode found.
\pdftexcmds@toks=\toks34
)
("C:/Program Files/MiKTeX/tex/latex/logreq/logreq.sty"
Package: logreq 2010/08/04 v1.0 xml request logger
\lrq@indent=\count333

("C:/Program Files/MiKTeX/tex/latex/logreq/logreq.def"
File: logreq.def 2010/08/04 v1.0 logreq spec v1.0
))
("C:/Program Files/MiKTeX/tex/latex/base/ifthen.sty"
Package: ifthen 2024/03/16 v1.1e Standard LaTeX ifthen package (DPC)
)
("C:/Program Files/MiKTeX/tex/latex/url/url.sty"
\Urlmuskip=\muskip18
Package: url 2013/09/16  ver 3.4  Verb mode for urls, etc.
)
\c@tabx@nest=\count334
\c@listtotal=\count335
\c@listcount=\count336
\c@liststart=\count337
\c@liststop=\count338
\c@citecount=\count339
\c@citetotal=\count340
\c@multicitecount=\count341
\c@multicitetotal=\count342
\c@instcount=\count343
\c@maxnames=\count344
\c@minnames=\count345
\c@maxitems=\count346
\c@minitems=\count347
\c@citecounter=\count348
\c@maxcitecounter=\count349
\c@savedcitecounter=\count350
\c@uniquelist=\count351
\c@uniquename=\count352
\c@refsection=\count353
\c@refsegment=\count354
\c@maxextratitle=\count355
\c@maxextratitleyear=\count356
\c@maxextraname=\count357
\c@maxextradate=\count358
\c@maxextraalpha=\count359
\c@abbrvpenalty=\count360
\c@highnamepenalty=\count361
\c@lownamepenalty=\count362
\c@maxparens=\count363
\c@parenlevel=\count364
\blx@tempcnta=\count365
\blx@tempcntb=\count366
\blx@tempcntc=\count367
\c@blx@maxsection=\count368
\blx@maxsegment@0=\count369
\blx@notetype=\count370
\blx@parenlevel@text=\count371
\blx@parenlevel@foot=\count372
\blx@sectionciteorder@0=\count373
\blx@sectionciteorderinternal@0=\count374
\blx@entrysetcounter=\count375
\blx@biblioinstance=\count376
\labelnumberwidth=\skip65
\labelalphawidth=\skip66
\biblabelsep=\skip67
\bibitemsep=\skip68
\bibnamesep=\skip69
\bibinitsep=\skip70
\bibparsep=\skip71
\bibhang=\skip72
\blx@bcfin=\read3
\blx@bcfout=\write3
\blx@langwohyphens=\language2
\c@mincomprange=\count377
\c@maxcomprange=\count378
\c@mincompwidth=\count379
Package biblatex Info: Trying to load biblatex default data model...
Package biblatex Info: ... file 'blx-dm.def' found.

("C:/Program Files/MiKTeX/tex/latex/biblatex/blx-dm.def"
File: blx-dm.def 2025/07/10 v3.21 biblatex datamodel (PK/MW)
)
Package biblatex Info: Trying to load biblatex style data model...
Package biblatex Info: ... file 'abnt.dbx' not found.
Package biblatex Info: Trying to load biblatex custom data model...
Package biblatex Info: ... file 'biblatex-dm.cfg' not found.
\c@afterword=\count380
\c@savedafterword=\count381
\c@annotator=\count382
\c@savedannotator=\count383
\c@author=\count384
\c@savedauthor=\count385
\c@bookauthor=\count386
\c@savedbookauthor=\count387
\c@commentator=\count388
\c@savedcommentator=\count389
\c@editor=\count390
\c@savededitor=\count391
\c@editora=\count392
\c@savededitora=\count393
\c@editorb=\count394
\c@savededitorb=\count395
\c@editorc=\count396
\c@savededitorc=\count397
\c@foreword=\count398
\c@savedforeword=\count399
\c@holder=\count400
\c@savedholder=\count401
\c@introduction=\count402
\c@savedintroduction=\count403
\c@namea=\count404
\c@savednamea=\count405
\c@nameb=\count406
\c@savednameb=\count407
\c@namec=\count408
\c@savednamec=\count409
\c@translator=\count410
\c@savedtranslator=\count411
\c@shortauthor=\count412
\c@savedshortauthor=\count413
\c@shorteditor=\count414
\c@savedshorteditor=\count415
\c@labelname=\count416
\c@savedlabelname=\count417
\c@institution=\count418
\c@savedinstitution=\count419
\c@lista=\count420
\c@savedlista=\count421
\c@listb=\count422
\c@savedlistb=\count423
\c@listc=\count424
\c@savedlistc=\count425
\c@listd=\count426
\c@savedlistd=\count427
\c@liste=\count428
\c@savedliste=\count429
\c@listf=\count430
\c@savedlistf=\count431
\c@location=\count432
\c@savedlocation=\count433
\c@organization=\count434
\c@savedorganization=\count435
\c@origlocation=\count436
\c@savedoriglocation=\count437
\c@origpublisher=\count438
\c@savedorigpublisher=\count439
\c@publisher=\count440
\c@savedpublisher=\count441
\c@language=\count442
\c@savedlanguage=\count443
\c@origlanguage=\count444
\c@savedoriglanguage=\count445
\c@pageref=\count446
\c@savedpageref=\count447
\shorthandwidth=\skip73
\shortjournalwidth=\skip74
\shortserieswidth=\skip75
\shorttitlewidth=\skip76
\shortauthorwidth=\skip77
\shorteditorwidth=\skip78
\locallabelnumberwidth=\skip79
\locallabelalphawidth=\skip80
\localshorthandwidth=\skip81
\localshortjournalwidth=\skip82
\localshortserieswidth=\skip83
\localshorttitlewidth=\skip84
\localshortauthorwidth=\skip85
\localshorteditorwidth=\skip86
Package biblatex Info: Trying to load enhanced support for Unicode engines...
Package biblatex Info: ... file 'blx-unicode.def' found.

("C:/Program Files/MiKTeX/tex/latex/biblatex/blx-unicode.def")
Package biblatex Info: Trying to load compatibility code...
Package biblatex Info: ... file 'blx-compat.def' found.

("C:/Program Files/MiKTeX/tex/latex/biblatex/blx-compat.def"
File: blx-compat.def 2025/07/10 v3.21 biblatex compatibility (PK/MW)
)
Package biblatex Info: Trying to load generic definitions...
Package biblatex Info: ... file 'biblatex.def' found.

("C:/Program Files/MiKTeX/tex/latex/biblatex/biblatex.def"
File: biblatex.def 2025/07/10 v3.21 biblatex compatibility (PK/MW)
\c@textcitecount=\count448
\c@textcitetotal=\count449
\c@textcitemaxnames=\count450
\c@biburlbigbreakpenalty=\count451
\c@biburlbreakpenalty=\count452
\c@biburlnumpenalty=\count453
\c@biburlucpenalty=\count454
\c@biburllcpenalty=\count455
\biburlbigskip=\muskip19
\biburlnumskip=\muskip20
\biburlucskip=\muskip21
\biburllcskip=\muskip22
\c@smartand=\count456
)
Package biblatex Info: Trying to load bibliography style 'abnt'...
Package biblatex Info: ... file 'abnt.bbx' found.

("C:/Program Files/MiKTeX/tex/latex/biblatex-abnt/bbx/abnt.bbx"
File: abnt.bbx 2018-11-17 v3.4 ABNT BibLaTeX citation style

("C:/Program Files/MiKTeX/tex/latex/xpatch/xpatch.sty"
Package: xpatch 2020/03/25 v0.3a Extending etoolbox patching commands
)
Package biblatex Info: Trying to load bibliography style 'standard'...
Package biblatex Info: ... file 'standard.bbx' found.

("C:/Program Files/MiKTeX/tex/latex/biblatex/bbx/standard.bbx"
File: standard.bbx 2025/07/10 v3.21 biblatex bibliography style (PK/MW)
\c@bbx:relatedcount=\count457
\c@bbx:relatedtotal=\count458
))
Package biblatex Info: Trying to load citation style 'abnt'...
Package biblatex Info: ... file 'abnt.cbx' found.

("C:/Program Files/MiKTeX/tex/latex/biblatex-abnt/cbx/abnt.cbx"
File: abnt.cbx 2018-11-17 v3.4 ABNT BibLaTeX citation style
Package biblatex Info: Trying to load citation style 'authoryear-comp'...
Package biblatex Info: ... file 'authoryear-comp.cbx' found.

("C:/Program Files/MiKTeX/tex/latex/biblatex/cbx/authoryear-comp.cbx"
File: authoryear-comp.cbx 2025/07/10 v3.21 biblatex citation style (PK/MW)
Package biblatex Info: Redefining '\cite'.
Package biblatex Info: Redefining '\parencite'.
Package biblatex Info: Redefining '\footcite'.
Package biblatex Info: Redefining '\footcitetext'.
Package biblatex Info: Redefining '\smartcite'.
Package biblatex Info: Redefining '\textcite'.
Package biblatex Info: Redefining '\textcites'.
Package biblatex Info: Redefining '\cites'.
Package biblatex Info: Redefining '\parencites'.
Package biblatex Info: Redefining '\footcites'.
Package biblatex Info: Redefining '\footcitetexts'.
Package biblatex Info: Redefining '\smartcites'.
)
Package biblatex Info: Redefining '\cite'.
Package biblatex Info: Redefining '\cites'.
Package biblatex Info: Redefining '\footcite'.
Package biblatex Info: Redefining '\footcites'.
Package biblatex Info: Redefining '\citetitle'.
Package biblatex Info: Redefining '\smartcite'.
Package biblatex Info: Redefining '\citeauthor'.
Package biblatex Info: Redefining '\citeyear'.
)
Package biblatex Info: Trying to load configuration file...
Package biblatex Info: ... file 'biblatex.cfg' found.

("C:/Program Files/MiKTeX/tex/latex/biblatex/biblatex.cfg"
File: biblatex.cfg 
)
Package biblatex Info: LuaTeX detected.
(biblatex)             Assuming input encoding 'utf8'.
Package biblatex Info: Document encoding is UTF8 ....
Package biblatex Info: ... and expl3
(biblatex)             2025-10-24 L3 programming layer (loader) 
(biblatex)             is new enough (at least 2020/04/06),
(biblatex)             setting 'casechanger=expl3'.

("C:/Program Files/MiKTeX/tex/latex/biblatex/blx-case-expl3.sty"
Package: blx-case-expl3 2025/07/10 v3.21 expl3 case changing code for biblatex
))
("C:/Users/DARÍO CARVALHO/AppData/Roaming/MiKTeX/tex/latex/csquotes/csquotes.s
ty"
Package: csquotes 2024-04-04 v5.2o context-sensitive quotations (JAW)
\csq@reset=\count459
\csq@gtype=\count460
\csq@glevel=\count461
\csq@qlevel=\count462
\csq@maxlvl=\count463
\csq@tshold=\count464
\csq@ltx@everypar=\toks35

("C:/Users/DARÍO CARVALHO/AppData/Roaming/MiKTeX/tex/latex/csquotes/csquotes.d
ef"
File: csquotes.def 2024-04-04 v5.2o csquotes generic definitions (JAW)
)
Package csquotes Info: Trying to load configuration file 'csquotes.cfg'...
Package csquotes Info: ... configuration file loaded successfully.

("C:/Users/DARÍO CARVALHO/AppData/Roaming/MiKTeX/tex/latex/csquotes/csquotes.c
fg"
File: csquotes.cfg 
))
Package csquotes Info: Checking for multilingual support...
Package csquotes Info: ... none found.

("c:/Users/DARÍO CARVALHO/OneDrive/Estudos Dário/Revisão_Elastômeros_Vale/b
uild/0.main.aux")
\openout1 = 0.main.aux

LaTeX Font Info:    Checking defaults for OML/cmm/m/it on input line 62.
LaTeX Font Info:    ... okay on input line 62.
LaTeX Font Info:    Checking defaults for OMS/cmsy/m/n on input line 62.
LaTeX Font Info:    ... okay on input line 62.
LaTeX Font Info:    Checking defaults for OT1/cmr/m/n on input line 62.
LaTeX Font Info:    ... okay on input line 62.
LaTeX Font Info:    Checking defaults for T1/cmr/m/n on input line 62.
LaTeX Font Info:    ... okay on input line 62.
LaTeX Font Info:    Checking defaults for TS1/cmr/m/n on input line 62.
LaTeX Font Info:    ... okay on input line 62.
LaTeX Font Info:    Checking defaults for TU/lmr/m/n on input line 62.
LaTeX Font Info:    ... okay on input line 62.
LaTeX Font Info:    Checking defaults for OMX/cmex/m/n on input line 62.
LaTeX Font Info:    ... okay on input line 62.
LaTeX Font Info:    Checking defaults for U/cmr/m/n on input line 62.
LaTeX Font Info:    ... okay on input line 62.

*geometry* driver: auto-detecting
*geometry* detected driver: luatex
*geometry* verbose mode - [ preamble ] result:
* driver: luatex
* paper: a4paper
* layout: <same size as paper>
* layoutoffset:(h,v)=(0.0pt,0.0pt)
* modes: 
* h-part:(L,W,R)=(71.13188pt, 455.24411pt, 71.13188pt)
* v-part:(T,H,B)=(71.13188pt, 702.78308pt, 71.13188pt)
* \paperwidth=597.50787pt
* \paperheight=845.04684pt
* \textwidth=455.24411pt
* \textheight=702.78308pt
* \oddsidemargin=-1.1381pt
* \evensidemargin=-1.1381pt
* \topmargin=-38.1381pt
* \headheight=12.0pt
* \headsep=25.0pt
* \topskip=12.0pt
* \footskip=30.0pt
* \marginparwidth=35.0pt
* \marginparsep=10.0pt
* \columnsep=10.0pt
* \skip\footins=10.8pt plus 4.0pt minus 2.0pt
* \hoffset=0.0pt
* \voffset=0.0pt
* \mag=1000
* \@twocolumnfalse
* \@twosidefalse
* \@mparswitchfalse
* \@reversemarginfalse
* (1in=72.27pt=25.4mm, 1cm=28.453pt)

("C:/Program Files/MiKTeX/tex/context/base/mkii/supp-pdf.mkii"
[Loading MPS to PDF converter (version 2006.09.02).]
\scratchcounter=\count465
\scratchdimen=\dimen196
\scratchbox=\box110
\nofMPsegments=\count466
\nofMParguments=\count467
\everyMPshowfont=\toks36
\MPscratchCnt=\count468
\MPscratchDim=\dimen197
\MPnumerator=\count469
\makeMPintoPDFobject=\count470
\everyMPtoPDFconversion=\toks37
) ("C:/Program Files/MiKTeX/tex/latex/epstopdf-pkg/epstopdf-base.sty"
Package: epstopdf-base 2020-01-24 v2.11 Base part for package epstopdf
Package epstopdf-base Info: Redefining graphics rule for `.eps' on input line 4
85.

("C:/Program Files/MiKTeX/tex/latex/00miktex/epstopdf-sys.cfg"
File: epstopdf-sys.cfg 2021/03/18 v2.0 Configuration of epstopdf for MiKTeX
))
LaTeX Info: Redefining \microtypecontext on input line 62.
Package microtype Info: Applying patch `item' on input line 62.
Package microtype Info: Applying patch `toc' on input line 62.
Package microtype Info: Applying patch `eqnum' on input line 62.
Package microtype Info: Applying patch `footnote' on input line 62.
Package microtype Info: Applying patch `verbatim' on input line 62.
LaTeX Info: Redefining \microtypesetup on input line 62.
Package microtype Info: Generating PDF output.
Package microtype Info: Character protrusion enabled (level 2).
Package microtype Info: Using default protrusion set `alltext'.
Package microtype Info: Automatic font expansion enabled (level 2),
(microtype)             stretch: 20, shrink: 20, step: 1, non-selected.
Package microtype Info: Using default expansion set `alltext-nott'.
Package microtype Info: Patching command `\showhyphens'.
Package microtype Info: No adjustment of tracking.
Package microtype Info: No adjustment of spacing.
Package microtype Info: No adjustment of kerning.
Package microtype Info: Loading generic protrusion settings for font family
(microtype)             `TimesNewRoman' (encoding: TU).
(microtype)             For optimal results, create family-specific settings.
(microtype)             See the microtype manual for details.
Package caption Info: Begin \AtBeginDocument code.
Package caption Info: float package is loaded.
Package caption Info: longtable package is loaded.

("C:/Users/DARÍO CARVALHO/AppData/Roaming/MiKTeX/tex/latex/caption/ltcaption.s
ty"
Package: ltcaption 2021/01/08 v1.4c longtable captions (AR)
)
Package caption Info: End \AtBeginDocument code.
Package biblatex Info: Trying to load language 'english' -> 'english-abnt'...
Package biblatex Info: ... file 'english-abnt.lbx' found.
 ("C:/Program Files/MiKTeX/tex/latex/biblatex-abnt/lbx/english-abnt.lbx"
File: english-abnt.lbx 2018-11-17 v3.4 ABNT BibLaTeX citation style
Package biblatex Info: Trying to load language 'english'...
Package biblatex Info: ... file 'english.lbx' found.

("C:/Program Files/MiKTeX/tex/latex/biblatex/lbx/english.lbx"
File: english.lbx 2025/07/10 v3.21 biblatex localization (PK/MW)
)
Package biblatex Info: Trying to load language 'english'...
Package biblatex Info: ... file 'english.lbx' found.

("C:/Program Files/MiKTeX/tex/latex/biblatex/lbx/english.lbx"
File: english.lbx 2025/07/10 v3.21 biblatex localization (PK/MW)
)
Package biblatex Info: Trying to load language 'english'...
Package biblatex Info: ... file 'english.lbx' found.

("C:/Program Files/MiKTeX/tex/latex/biblatex/lbx/english.lbx"
File: english.lbx 2025/07/10 v3.21 biblatex localization (PK/MW)
))
Package biblatex Info: LuaTeX detected.
(biblatex)             Assuming input encoding 'utf8'.
Package biblatex Info: Automatic encoding selection.
(biblatex)             Assuming data encoding 'utf8'.

\openout3 = 0.main.bcf
Package biblatex Info: Trying to load bibliographic data...
Package biblatex Info: ... file '0.main.bbl' found.

("c:/Users/DARÍO CARVALHO/OneDrive/Estudos Dário/Revisão_Elastômeros_Vale/b
uild/0.main.bbl")
Package biblatex Info: Reference section=0 on input line 62.
Package biblatex Info: Reference segment=0 on input line 62.

("C:/Users/DARÍO CARVALHO/AppData/Roaming/MiKTeX/tex/latex/microtype/mt-cmr.cf
g"
File: mt-cmr.cfg 2013/05/19 v2.2 microtype config. file: Computer Modern Roman 
(RS)
)
LaTeX Font Info:    Trying to load font information for U+msa on input line 63.

 ("C:/Program Files/MiKTeX/tex/latex/amsfonts/umsa.fd"
File: umsa.fd 2013/01/14 v3.01 AMS symbols A
)
("C:/Users/DARÍO CARVALHO/AppData/Roaming/MiKTeX/tex/latex/microtype/mt-msa.cf
g"
File: mt-msa.cfg 2006/02/04 v1.1 microtype config. file: AMS symbols (a) (RS)
)
LaTeX Font Info:    Trying to load font information for U+msb on input line 63.

 ("C:/Program Files/MiKTeX/tex/latex/amsfonts/umsb.fd"
File: umsb.fd 2013/01/14 v3.01 AMS symbols B
)
("C:/Users/DARÍO CARVALHO/AppData/Roaming/MiKTeX/tex/latex/microtype/mt-msb.cf
g"
File: mt-msb.cfg 2005/06/01 v1.0 microtype config. file: AMS symbols (b) (RS)
) (./2.rev.tex [1

{C:/Users/DARÍO CARVALHO/AppData/Local/MiKTeX/fonts/map/pdftex/pdftex.map}]) [
2]
Package microtype Info: Loading generic protrusion settings for font family
(microtype)             `lmtt' (encoding: TU).
(microtype)             For optimal results, create family-specific settings.
(microtype)             See the microtype manual for details.
 [3]
("c:/Users/DARÍO CARVALHO/OneDrive/Estudos Dário/Revisão_Elastômeros_Vale/b
uild/0.main.aux")
 ***********
LaTeX2e <2025-11-01>
L3 programming layer <2020/03/25>
 ***********
Package logreq Info: Writing requests to '0.main.run.xml'.

\openout1 = 0.main.run.xml
)

Here is how much of LuaTeX's memory you used:
 19310 strings out of 476081
 125086,1373583 words of node,token memory allocated
 593 words of node memory still in use:
   6 hlist, 2 vlist, 2 rule, 2 glue, 4 kern, 1 glyph, 7 attribute, 73 glue_spec,
 7 attribute_list, 1 write nodes
   avail lists: 1:4,2:560,3:470,4:68,5:172,6:20,7:7022,8:31,9:116,10:38,11:654
 41417 multiletter control sequences out of 65536+600000
 72 fonts using 16261839 bytes
 73i,6n,92p,1284b,2362s stack positions out of 10000i,1000n,20000p,200000b,200000s
<c:/program files/miktex/fonts/opentype/public/lm/lmmono12-regular.otf><C:/WINDO
WS/Fonts/timesi.ttf><C:/WINDOWS/Fonts/times.ttf><C:/WINDOWS/Fonts/timesbd.ttf>
Output written on 0.main.pdf (3 pages, 109930 bytes).

PDF statistics: 40 PDF objects out of 1000 (max. 8388607)
 0 named destinations out of 1000 (max. 131072)
 1 words of extra memory for PDF output out of 10000 (max. 100000000)

